0 info it worked if it ends with ok
1 verbose cli [ 'C:\\nodejs\\node.exe',
1 verbose cli   'C:\\nodejs\\node_modules\\npm\\bin\\npm-cli.js',
1 verbose cli   'start' ]
2 info using npm@3.10.10
3 info using node@v6.11.0
4 verbose run-script [ 'prestart', 'start', 'poststart' ]
5 info lifecycle confusion@1.0.0~prestart: confusion@1.0.0
6 silly lifecycle confusion@1.0.0~prestart: no script for prestart, continuing
7 info lifecycle confusion@1.0.0~start: confusion@1.0.0
8 verbose lifecycle confusion@1.0.0~start: unsafe-perm in lifecycle true
9 verbose lifecycle confusion@1.0.0~start: PATH: C:\nodejs\node_modules\npm\bin\node-gyp-bin;C:\coursera\bootstrap4\node_modules\.bin;C:\Users\Anagua\algs4\java\bin;C:\Program Files\Java\jdk1.8.0_112\bin;C:\ProgramData\Oracle\Java\javapath;C:\Program Files (x86)\Embarcadero\Studio\18.0\bin;C:\Users\Public\Documents\Embarcadero\Studio\18.0\Bpl;C:\Program Files (x86)\Embarcadero\Studio\18.0\bin64;C:\Users\Public\Documents\Embarcadero\Studio\18.0\Bpl\Win64;C:\WINDOWS\system32;C:\WINDOWS;C:\WINDOWS\System32\Wbem;C:\WINDOWS\System32\WindowsPowerShell\v1.0\;C:\Program Files (x86)\ATI Technologies\ATI.ACE\Core-Static;C:\Program Files (x86)\Calibre2\;C:\Program Files (x86)\AMD\ATI.ACE\Core-Static;c:\Program Files (x86)\Microsoft SQL Server\100\Tools\Binn\;c:\Program Files\Microsoft SQL Server\100\Tools\Binn\;c:\Program Files\Microsoft SQL Server\100\DTS\Binn\;C:\Program Files (x86)\Windows Kits\10\Windows Performance Toolkit\;C:\Program Files (x86)\scala\bin;C:\Program Files (x86)\GNU\GnuPG\pub;C:\Program Files (x86)\Brackets\command;C:\wamp64\bin\php\php5.6.25;C:\ProgramData\ComposerSetup\bin;C:\nodejs\;C:\Program Files\PuTTY\;C:\Program Files\Amazon\AWSCLI\;C:\Program Files\Git\cmd;C:\Program Files (x86)\Yarn\bin;C:\IBMCICS\;C:\Program Files (x86)\IBM\Trace Facility\;C:\Users\Anagua\algs4\bin;C:\Users\Anagua\algs4\java\bin;C:\RailsInstaller\Git\cmd;C:\RailsInstaller\Ruby2.2.0\bin;C:\Users\Anagua\AppData\Local\Microsoft\WindowsApps;C:\Program Files (x86)\Microsoft VS Code\bin;C:\Users\Anagua\AppData\Roaming\Composer\vendor\bin;C:\Users\Anagua\AppData\Roaming\npm;C:\Users\Anagua\AppData\Local\Yarn\bin;
10 verbose lifecycle confusion@1.0.0~start: CWD: C:\coursera\bootstrap4
11 silly lifecycle confusion@1.0.0~start: Args: [ '/d /s /c', 'npm run lite' ]
12 verbose stack Error: kill ENOSYS
12 verbose stack     at exports._errnoException (util.js:1018:11)
12 verbose stack     at process.kill (internal/process.js:190:13)
12 verbose stack     at process.listener (C:\nodejs\node_modules\npm\node_modules\npmlog\node_modules\gauge\node_modules\signal-exit\index.js:86:15)
12 verbose stack     at emitNone (events.js:91:20)
12 verbose stack     at process.emit (events.js:185:7)
12 verbose stack     at processEmit (C:\nodejs\node_modules\npm\node_modules\npmlog\node_modules\gauge\node_modules\signal-exit\index.js:146:32)
12 verbose stack     at processEmit (C:\nodejs\node_modules\npm\node_modules\npm-registry-client\node_modules\npmlog\node_modules\gauge\node_modules\signal-exit\index.js:146:32)
12 verbose stack     at Signal.wrap.onsignal (internal/process.js:217:44)
13 verbose cwd C:\coursera\bootstrap4
14 error Windows_NT 10.0.15063
15 error argv "C:\\nodejs\\node.exe" "C:\\nodejs\\node_modules\\npm\\bin\\npm-cli.js" "start"
16 error node v6.11.0
17 error npm  v3.10.10
18 error code ENOSYS
19 error errno ENOSYS
20 error syscall kill
21 error kill ENOSYS
22 error If you need help, you may report this error at:
22 error     <https://github.com/npm/npm/issues>
23 verbose exit [ 1, true ]
